This is pdfTeX, Version 3.1415926-2.4-1.40.13 (TeX Live 2012/Arch Linux) (format=pdflatex 2013.5.30)  28 JUN 2013 10:59
entering extended mode
 restricted \write18 enabled.
 %&-line parsing enabled.
**annobib
(./annobib.tex
LaTeX2e <2011/06/27>
Babel <v3.8m> and hyphenation patterns for english, dumylang, nohyphenation, ge
rman-x-2012-05-30, ngerman-x-2012-05-30, afrikaans, ancientgreek, ibycus, arabi
c, armenian, basque, bulgarian, catalan, pinyin, coptic, croatian, czech, danis
h, dutch, ukenglish, usenglishmax, esperanto, estonian, ethiopic, farsi, finnis
h, french, friulan, galician, german, ngerman, swissgerman, monogreek, greek, h
ungarian, icelandic, assamese, bengali, gujarati, hindi, kannada, malayalam, ma
rathi, oriya, panjabi, tamil, telugu, indonesian, interlingua, irish, italian, 
kurmanji, latin, latvian, lithuanian, mongolian, mongolianlmc, bokmal, nynorsk,
 polish, portuguese, romanian, romansh, russian, sanskrit, serbian, serbianc, s
lovak, slovenian, spanish, swedish, turkish, turkmen, ukrainian, uppersorbian, 
welsh, loaded.
(/usr/share/texmf-dist/tex/latex/base/article.cls
Document Class: article 2007/10/19 v1.4h Standard LaTeX document class
(/usr/share/texmf-dist/tex/latex/base/size10.clo
File: size10.clo 2007/10/19 v1.4h Standard LaTeX file (size option)
)
\c@part=\count79
\c@section=\count80
\c@subsection=\count81
\c@subsubsection=\count82
\c@paragraph=\count83
\c@subparagraph=\count84
\c@figure=\count85
\c@table=\count86
\abovecaptionskip=\skip41
\belowcaptionskip=\skip42
\bibindent=\dimen102
)
(/usr/share/texmf-dist/tex/latex/acronym/acronym.sty
Package: acronym 2012/10/29 v1.38 Support for acronyms (Tobias Oetiker)

(/usr/share/texmf-dist/tex/latex/bigfoot/suffix.sty
Package: suffix 2006/07/15 1.5 Variant command support
)
(/usr/share/texmf-dist/tex/generic/xstring/xstring.sty
(/usr/share/texmf-dist/tex/generic/xstring/xstring.tex
\@xs@message=\write3
\integerpart=\count87
\decimalpart=\count88
)
Package: xstring 2013/2/28  v1.7a  String manipulations (C Tellechea)
)
\AC@clearlist=\toks14
)
(/usr/share/texmf-dist/tex/latex/preprint/fullpage.sty
Package: fullpage 1999/02/23 1.1 (PWD)
\FP@margin=\skip43
) (./annobib.aux)
\openout1 = `annobib.aux'.

LaTeX Font Info:    Checking defaults for OML/cmm/m/it on input line 7.
LaTeX Font Info:    ... okay on input line 7.
LaTeX Font Info:    Checking defaults for T1/cmr/m/n on input line 7.
LaTeX Font Info:    ... okay on input line 7.
LaTeX Font Info:    Checking defaults for OT1/cmr/m/n on input line 7.
LaTeX Font Info:    ... okay on input line 7.
LaTeX Font Info:    Checking defaults for OMS/cmsy/m/n on input line 7.
LaTeX Font Info:    ... okay on input line 7.
LaTeX Font Info:    Checking defaults for OMX/cmex/m/n on input line 7.
LaTeX Font Info:    ... okay on input line 7.
LaTeX Font Info:    Checking defaults for U/cmr/m/n on input line 7.
LaTeX Font Info:    ... okay on input line 7.
LaTeX Font Info:    External font `cmex10' loaded for size
(Font)              <12> on input line 30.
LaTeX Font Info:    External font `cmex10' loaded for size
(Font)              <8> on input line 30.
LaTeX Font Info:    External font `cmex10' loaded for size
(Font)              <6> on input line 30.


LaTeX Warning: No \author given.

(./annobib.bbl
LaTeX Font Info:    External font `cmex10' loaded for size
(Font)              <7> on input line 4.
LaTeX Font Info:    External font `cmex10' loaded for size
(Font)              <5> on input line 4.
Package acronym Info: Label `acro:eeg' newly defined as it shall be overridden
although it is yet undefined on input line 7.
LaTeX Font Info:    Try loading font information for OMS+cmr on input line 47.
 (/usr/share/texmf-dist/tex/latex/base/omscmr.fd
File: omscmr.fd 1999/05/25 v2.5h Standard LaTeX font definitions
)
LaTeX Font Info:    Font shape `OMS/cmr/m/n' in size <10> not available
(Font)              Font shape `OMS/cmsy/m/n' tried instead on input line 47.
Package acronym Info: Label `acro:fmri' newly defined as it shall be overridden

although it is yet undefined on input line 47.
Package acronym Info: Label `acro:ica' newly defined as it shall be overridden
although it is yet undefined on input line 49.
Package acronym Info: Label `acro:bold' newly defined as it shall be overridden

although it is yet undefined on input line 50.
Package acronym Info: Label `acro:irf' newly defined as it shall be overridden
although it is yet undefined on input line 52.
 [1

{/var/lib/texmf/fonts/map/pdftex/updmap/pdftex.map}]
Package acronym Info: Label `acro:ersp' newly defined as it shall be overridden

although it is yet undefined on input line 80.
Package acronym Info: Label `acro:tle' newly defined as it shall be overridden
although it is yet undefined on input line 101.
Package acronym Info: Label `acro:mri' newly defined as it shall be overridden
although it is yet undefined on input line 103.
Package acronym Info: Label `acro:mtle' newly defined as it shall be overridden

although it is yet undefined on input line 120.
Package acronym Info: Label `acro:hs' newly defined as it shall be overridden
although it is yet undefined on input line 121.
Package acronym Info: Label `acro:dti' newly defined as it shall be overridden
although it is yet undefined on input line 122.
Missing character: There is no Ã in font cmr10!
Missing character: There is no ¤ in font cmr10!
Missing character: There is no Ã in font cmr10!
Missing character: There is no ¤ in font cmr10!
 [2]
Package acronym Info: Label `acro:fdgpet' newly defined as it shall be overridd
en
although it is yet undefined on input line 147.
Package acronym Info: Label `acro:pwn' newly defined as it shall be overridden
although it is yet undefined on input line 162.
Package acronym Info: Label `acro:pwe' newly defined as it shall be overridden
although it is yet undefined on input line 163.
Package acronym Info: Label `acro:cad' newly defined as it shall be overridden
although it is yet undefined on input line 176.
Package acronym Info: Label `acro:roi' newly defined as it shall be overridden
although it is yet undefined on input line 177.
Package acronym Info: Label `acro:mlp' newly defined as it shall be overridden
although it is yet undefined on input line 178.
Package acronym Info: Label `acro:cl10cv' newly defined as it shall be overridd
en
although it is yet undefined on input line 179.
 [3]
Underfull \hbox (badness 5008) in paragraph at lines 244--251
[]\OT1/cmr/m/n/10 RD Pascual-Marqui.  Stan-dard-ized low-resolution brain elec-
tro-mag-netic to-mog-ra-phy
 []

[4]
Package acronym Info: Label `acro:ltle' newly defined as it shall be overridden

although it is yet undefined on input line 292.
Package acronym Info: Label `acro:rtle' newly defined as it shall be overridden

although it is yet undefined on input line 292.
) [5] (./annobib.aux) ) 
Here is how much of TeX's memory you used:
 857 strings out of 493488
 10807 string characters out of 3146892
 64911 words of memory out of 3000000
 4215 multiletter control sequences out of 15000+200000
 7626 words of font info for 27 fonts, out of 3000000 for 9000
 957 hyphenation exceptions out of 8191
 28i,6n,20p,286b,271s stack positions out of 5000i,500n,10000p,200000b,50000s
</usr/share/texmf-dist/fonts/type1/public/amsfonts/cm/cm
bx12.pfb></usr/share/texmf-dist/fonts/type1/public/amsfonts/cm/cmmi10.pfb></usr
/share/texmf-dist/fonts/type1/public/amsfonts/cm/cmr10.pfb></usr/share/texmf-di
st/fonts/type1/public/amsfonts/cm/cmr7.pfb></usr/share/texmf-dist/fonts/type1/p
ublic/amsfonts/cm/cmsy10.pfb></usr/share/texmf-dist/fonts/type1/public/amsfonts
/cm/cmti10.pfb>
Output written on annobib.pdf (5 pages, 93014 bytes).
PDF statistics:
 44 PDF objects out of 1000 (max. 8388607)
 30 compressed objects within 1 object stream
 0 named destinations out of 1000 (max. 500000)
 1 words of extra memory for PDF output out of 10000 (max. 10000000)

